build/app/intermediates/manifest_merge_blame_file/debug/manifest-merger-blame-debug-report.txt
1<?xml version="1.0" encoding="utf-8"?>
2<manifest xmlns:android="http://schemas.android.com/apk/res/android"
3    package="com.example.connect_with_games"
4    android:versionCode="1"
5    android:versionName="1.0.0" >
6
7    <uses-sdk
8        android:minSdkVersion="21"
9        android:targetSdkVersion="30" />
10    <!--
11         Flutter needs it to communicate with the running application
12         to allow setting breakpoints, to provide hot reload, etc.
13    -->
14    <uses-permission android:name="android.permission.INTERNET" />
14-->src\debug\AndroidManifest.xml:6:5-66
14-->src\debug\AndroidManifest.xml:6:22-64
15    <uses-permission android:name="android.permission.ACCESS_COARSE_LOCATION" />
15-->[:location] AndroidManifest.xml:7:5-81
15-->[:location] AndroidManifest.xml:7:22-78
16    <uses-permission android:name="android.permission.ACCESS_FINE_LOCATION" />
16-->[:location] AndroidManifest.xml:8:5-79
16-->[:location] AndroidManifest.xml:8:22-76
17    <uses-permission android:name="android.permission.ACCESS_NETWORK_STATE" />
17-->[com.hypertrack:hypertrack:5.2.5] AndroidManifest.xml:10:5-79
17-->[com.hypertrack:hypertrack:5.2.5] AndroidManifest.xml:10:22-76
18    <uses-permission android:name="com.google.android.gms.permission.ACTIVITY_RECOGNITION" />
18-->[com.hypertrack:hypertrack:5.2.5] AndroidManifest.xml:14:5-94
18-->[com.hypertrack:hypertrack:5.2.5] AndroidManifest.xml:14:22-91
19    <uses-permission android:name="android.permission.RECEIVE_BOOT_COMPLETED" />
19-->[com.hypertrack:hypertrack:5.2.5] AndroidManifest.xml:15:5-81
19-->[com.hypertrack:hypertrack:5.2.5] AndroidManifest.xml:15:22-78
20    <uses-permission android:name="android.permission.FOREGROUND_SERVICE" />
20-->[com.hypertrack:hypertrack:5.2.5] AndroidManifest.xml:16:5-77
20-->[com.hypertrack:hypertrack:5.2.5] AndroidManifest.xml:16:22-74
21    <uses-permission android:name="android.permission.ACTIVITY_RECOGNITION" />
21-->[com.hypertrack:hypertrack:5.2.5] AndroidManifest.xml:17:5-79
21-->[com.hypertrack:hypertrack:5.2.5] AndroidManifest.xml:17:22-76
22    <uses-permission android:name="android.permission.ACCESS_BACKGROUND_LOCATION" />
22-->[com.hypertrack:hypertrack:5.2.5] AndroidManifest.xml:18:5-85
22-->[com.hypertrack:hypertrack:5.2.5] AndroidManifest.xml:18:22-82
23    <uses-permission android:name="android.permission.WAKE_LOCK" /> <!-- Required by older versions of Google Play services to create IID tokens -->
23-->[com.google.firebase:firebase-messaging:23.0.0] AndroidManifest.xml:23:5-68
23-->[com.google.firebase:firebase-messaging:23.0.0] AndroidManifest.xml:23:22-65
24    <uses-permission android:name="com.google.android.c2dm.permission.RECEIVE" />
24-->[com.google.firebase:firebase-messaging:23.0.0] AndroidManifest.xml:25:5-82
24-->[com.google.firebase:firebase-messaging:23.0.0] AndroidManifest.xml:25:22-79
25    <uses-permission android:name="com.google.android.finsky.permission.BIND_GET_INSTALL_REFERRER_SERVICE" />
25-->[com.google.android.gms:play-services-measurement:20.0.0] AndroidManifest.xml:26:5-110
25-->[com.google.android.gms:play-services-measurement:20.0.0] AndroidManifest.xml:26:22-107
26
27    <uses-feature
27-->[com.google.android.gms:play-services-maps:17.0.0] AndroidManifest.xml:26:5-28:35
28        android:glEsVersion="0x00020000"
28-->[com.google.android.gms:play-services-maps:17.0.0] AndroidManifest.xml:27:9-41
29        android:required="true" />
29-->[com.google.android.gms:play-services-maps:17.0.0] AndroidManifest.xml:28:9-32
30    <!--
31 io.flutter.app.FlutterApplication is an android.app.Application that
32         calls FlutterMain.startInitialization(this); in its onCreate method.
33         In most cases you can leave this as-is, but you if you want to provide
34         additional functionality it is fine to subclass or reimplement
35         FlutterApplication and put your custom class here.
36    -->
37    <application
37-->src\main\AndroidManifest.xml:8:5-48:19
38        android:name="io.flutter.app.FlutterApplication"
38-->src\main\AndroidManifest.xml:9:9-57
39        android:appComponentFactory="androidx.core.app.CoreComponentFactory"
39-->[androidx.core:core:1.5.0] AndroidManifest.xml:24:18-86
40        android:debuggable="true"
41        android:icon="@mipmap/ic_launcher"
41-->src\main\AndroidManifest.xml:11:9-43
42        android:label="ConnectWithGames" >
42-->src\main\AndroidManifest.xml:10:9-41
43        <meta-data
43-->src\main\AndroidManifest.xml:12:9-13:73
44            android:name="com.google.android.geo.API_KEY"
44-->src\main\AndroidManifest.xml:12:20-65
45            android:value="AIzaSyCVfGZvev-B6xc517u0loV3p0dmE_-FV0g" />
45-->src\main\AndroidManifest.xml:13:16-71
46
47        <activity
47-->src\main\AndroidManifest.xml:14:9-42:20
48            android:name="com.example.connect_with_games.MainActivity"
48-->src\main\AndroidManifest.xml:15:13-41
49            android:configChanges="orientation|keyboardHidden|keyboard|screenSize|smallestScreenSize|locale|layoutDirection|fontScale|screenLayout|density|uiMode"
49-->src\main\AndroidManifest.xml:18:13-163
50            android:hardwareAccelerated="true"
50-->src\main\AndroidManifest.xml:19:13-47
51            android:launchMode="singleTop"
51-->src\main\AndroidManifest.xml:16:13-43
52            android:theme="@style/LaunchTheme"
52-->src\main\AndroidManifest.xml:17:13-47
53            android:windowSoftInputMode="adjustResize" >
53-->src\main\AndroidManifest.xml:20:13-55
54
55            <!--
56                 Specifies an Android theme to apply to this Activity as soon as
57                 the Android process has started. This theme is visible to the user
58                 while the Flutter UI initializes. After that, this theme continues
59                 to determine the Window background behind the Flutter UI.
60            -->
61            <meta-data
61-->src\main\AndroidManifest.xml:25:13-28:17
62                android:name="io.flutter.embedding.android.NormalTheme"
62-->src\main\AndroidManifest.xml:26:15-70
63                android:resource="@style/NormalTheme" />
63-->src\main\AndroidManifest.xml:27:15-52
64            <!--
65                 Displays an Android View that continues showing the launch screen
66                 Drawable until Flutter paints its first frame, then this splash
67                 screen fades out. A splash screen is useful to avoid any visual
68                 gap between the end of Android's launch screen and the painting of
69                 Flutter's first frame.
70            -->
71            <meta-data
71-->src\main\AndroidManifest.xml:34:13-37:17
72                android:name="io.flutter.embedding.android.SplashScreenDrawable"
72-->src\main\AndroidManifest.xml:35:15-79
73                android:resource="@drawable/launch_background" />
73-->src\main\AndroidManifest.xml:36:15-61
74
75            <intent-filter>
75-->src\main\AndroidManifest.xml:38:13-41:29
76                <action android:name="android.intent.action.MAIN" />
76-->src\main\AndroidManifest.xml:39:17-68
76-->src\main\AndroidManifest.xml:39:25-66
77
78                <category android:name="android.intent.category.LAUNCHER" />
78-->src\main\AndroidManifest.xml:40:17-76
78-->src\main\AndroidManifest.xml:40:27-74
79            </intent-filter>
80        </activity>
81        <!--
82             Don't delete the meta-data below.
83             This is used by the Flutter tool to generate GeneratedPluginRegistrant.java
84        -->
85        <meta-data
85-->src\main\AndroidManifest.xml:45:9-47:33
86            android:name="flutterEmbedding"
86-->src\main\AndroidManifest.xml:46:13-44
87            android:value="2" />
87-->src\main\AndroidManifest.xml:47:13-30
88
89        <service
89-->[:cloud_firestore] AndroidManifest.xml:8:9-12:19
90            android:name="com.google.firebase.components.ComponentDiscoveryService"
90-->[:cloud_firestore] AndroidManifest.xml:8:18-89
91            android:directBootAware="true"
91-->[com.google.firebase:firebase-common:20.0.0] AndroidManifest.xml:35:13-43
92            android:exported="false" >
92-->[com.google.firebase:firebase-messaging:23.0.0] AndroidManifest.xml:51:13-37
93            <meta-data
93-->[:cloud_firestore] AndroidManifest.xml:9:13-11:85
94                android:name="com.google.firebase.components:io.flutter.plugins.firebase.firestore.FlutterFirebaseFirestoreRegistrar"
94-->[:cloud_firestore] AndroidManifest.xml:10:17-134
95                android:value="com.google.firebase.components.ComponentRegistrar" />
95-->[:cloud_firestore] AndroidManifest.xml:11:17-82
96            <meta-data
96-->[:firebase_auth] AndroidManifest.xml:9:13-11:85
97                android:name="com.google.firebase.components:io.flutter.plugins.firebase.auth.FlutterFirebaseAuthRegistrar"
97-->[:firebase_auth] AndroidManifest.xml:10:17-124
98                android:value="com.google.firebase.components.ComponentRegistrar" />
98-->[:firebase_auth] AndroidManifest.xml:11:17-82
99            <meta-data
99-->[:firebase_storage] AndroidManifest.xml:9:13-11:85
100                android:name="com.google.firebase.components:io.flutter.plugins.firebase.storage.FlutterFirebaseAppRegistrar"
100-->[:firebase_storage] AndroidManifest.xml:10:17-126
101                android:value="com.google.firebase.components.ComponentRegistrar" />
101-->[:firebase_storage] AndroidManifest.xml:11:17-82
102            <meta-data
102-->[:firebase_core] AndroidManifest.xml:9:13-11:85
103                android:name="com.google.firebase.components:io.flutter.plugins.firebase.core.FlutterFirebaseCoreRegistrar"
103-->[:firebase_core] AndroidManifest.xml:10:17-124
104                android:value="com.google.firebase.components.ComponentRegistrar" />
104-->[:firebase_core] AndroidManifest.xml:11:17-82
105            <meta-data
105-->[com.google.firebase:firebase-messaging:23.0.0] AndroidManifest.xml:52:13-54:85
106                android:name="com.google.firebase.components:com.google.firebase.messaging.FirebaseMessagingRegistrar"
106-->[com.google.firebase:firebase-messaging:23.0.0] AndroidManifest.xml:53:17-119
107                android:value="com.google.firebase.components.ComponentRegistrar" />
107-->[com.google.firebase:firebase-messaging:23.0.0] AndroidManifest.xml:54:17-82
108            <meta-data
108-->[com.google.firebase:firebase-datatransport:18.0.0] AndroidManifest.xml:28:13-30:85
109                android:name="com.google.firebase.components:com.google.firebase.datatransport.TransportRegistrar"
109-->[com.google.firebase:firebase-datatransport:18.0.0] AndroidManifest.xml:29:17-115
110                android:value="com.google.firebase.components.ComponentRegistrar" />
110-->[com.google.firebase:firebase-datatransport:18.0.0] AndroidManifest.xml:30:17-82
111            <meta-data
111-->[com.google.firebase:firebase-auth:21.0.1] AndroidManifest.xml:77:13-79:85
112                android:name="com.google.firebase.components:com.google.firebase.auth.FirebaseAuthRegistrar"
112-->[com.google.firebase:firebase-auth:21.0.1] AndroidManifest.xml:78:17-109
113                android:value="com.google.firebase.components.ComponentRegistrar" />
113-->[com.google.firebase:firebase-auth:21.0.1] AndroidManifest.xml:79:17-82
114            <meta-data
114-->[com.google.firebase:firebase-firestore:24.0.0] AndroidManifest.xml:20:13-22:85
115                android:name="com.google.firebase.components:com.google.firebase.firestore.FirestoreRegistrar"
115-->[com.google.firebase:firebase-firestore:24.0.0] AndroidManifest.xml:21:17-111
116                android:value="com.google.firebase.components.ComponentRegistrar" />
116-->[com.google.firebase:firebase-firestore:24.0.0] AndroidManifest.xml:22:17-82
117            <meta-data
117-->[com.google.firebase:firebase-storage:20.0.0] AndroidManifest.xml:33:13-35:85
118                android:name="com.google.firebase.components:com.google.firebase.storage.StorageRegistrar"
118-->[com.google.firebase:firebase-storage:20.0.0] AndroidManifest.xml:34:17-107
119                android:value="com.google.firebase.components.ComponentRegistrar" />
119-->[com.google.firebase:firebase-storage:20.0.0] AndroidManifest.xml:35:17-82
120            <meta-data
120-->[com.google.android.gms:play-services-measurement-api:20.0.0] AndroidManifest.xml:30:13-32:85
121                android:name="com.google.firebase.components:com.google.firebase.analytics.connector.internal.AnalyticsConnectorRegistrar"
121-->[com.google.android.gms:play-services-measurement-api:20.0.0] AndroidManifest.xml:31:17-139
122                android:value="com.google.firebase.components.ComponentRegistrar" />
122-->[com.google.android.gms:play-services-measurement-api:20.0.0] AndroidManifest.xml:32:17-82
123            <meta-data
123-->[com.google.firebase:firebase-installations:17.0.0] AndroidManifest.xml:18:13-20:85
124                android:name="com.google.firebase.components:com.google.firebase.installations.FirebaseInstallationsRegistrar"
124-->[com.google.firebase:firebase-installations:17.0.0] AndroidManifest.xml:19:17-127
125                android:value="com.google.firebase.components.ComponentRegistrar" />
125-->[com.google.firebase:firebase-installations:17.0.0] AndroidManifest.xml:20:17-82
126        </service>
127
128        <provider
128-->[:image_picker] AndroidManifest.xml:8:9-16:20
129            android:name="io.flutter.plugins.imagepicker.ImagePickerFileProvider"
129-->[:image_picker] AndroidManifest.xml:9:13-82
130            android:authorities="com.example.connect_with_games.flutter.image_provider"
130-->[:image_picker] AndroidManifest.xml:10:13-74
131            android:exported="false"
131-->[:image_picker] AndroidManifest.xml:11:13-37
132            android:grantUriPermissions="true" >
132-->[:image_picker] AndroidManifest.xml:12:13-47
133            <meta-data
133-->[:image_picker] AndroidManifest.xml:13:13-15:75
134                android:name="android.support.FILE_PROVIDER_PATHS"
134-->[:image_picker] AndroidManifest.xml:14:17-67
135                android:resource="@xml/flutter_image_picker_file_paths" />
135-->[:image_picker] AndroidManifest.xml:15:17-72
136        </provider>
137        <provider
137-->[:share] AndroidManifest.xml:8:9-16:20
138            android:name="io.flutter.plugins.share.ShareFileProvider"
138-->[:share] AndroidManifest.xml:9:13-70
139            android:authorities="com.example.connect_with_games.flutter.share_provider"
139-->[:share] AndroidManifest.xml:10:13-74
140            android:exported="false"
140-->[:share] AndroidManifest.xml:11:13-37
141            android:grantUriPermissions="true" >
141-->[:share] AndroidManifest.xml:12:13-47
142            <meta-data
142-->[:image_picker] AndroidManifest.xml:13:13-15:75
143                android:name="android.support.FILE_PROVIDER_PATHS"
143-->[:image_picker] AndroidManifest.xml:14:17-67
144                android:resource="@xml/flutter_share_file_paths" />
144-->[:image_picker] AndroidManifest.xml:15:17-72
145        </provider>
146
147        <service
147-->[:location] AndroidManifest.xml:11:9-15:56
148            android:name="com.lyokone.location.FlutterLocationService"
148-->[:location] AndroidManifest.xml:12:13-71
149            android:enabled="true"
149-->[:location] AndroidManifest.xml:13:13-35
150            android:exported="false"
150-->[:location] AndroidManifest.xml:14:13-37
151            android:foregroundServiceType="location" />
151-->[:location] AndroidManifest.xml:15:13-53
152
153        <activity
153-->[com.hypertrack:hypertrack:5.2.5] AndroidManifest.xml:21:9-23:73
154            android:name="com.hypertrack.sdk.permissions.PermissionsRequestActivity"
154-->[com.hypertrack:hypertrack:5.2.5] AndroidManifest.xml:22:13-85
155            android:theme="@style/HyperTrackActivityThemeTransparent" />
155-->[com.hypertrack:hypertrack:5.2.5] AndroidManifest.xml:23:13-70
156        <activity
156-->[com.hypertrack:hypertrack:5.2.5] AndroidManifest.xml:24:9-26:39
157            android:name="com.hypertrack.sdk.permissions.WhitelistingActivity"
157-->[com.hypertrack:hypertrack:5.2.5] AndroidManifest.xml:25:13-79
158            android:exported="true" />
158-->[com.hypertrack:hypertrack:5.2.5] AndroidManifest.xml:26:13-36
159
160        <service
160-->[com.hypertrack:hypertrack:5.2.5] AndroidManifest.xml:28:9-31:46
161            android:name="com.hypertrack.sdk.service.HyperTrackSDKService"
161-->[com.hypertrack:hypertrack:5.2.5] AndroidManifest.xml:29:13-75
162            android:foregroundServiceType="location" />
162-->[com.hypertrack:hypertrack:5.2.5] AndroidManifest.xml:30:13-53
163        <service
163-->[com.hypertrack:hypertrack:5.2.5] AndroidManifest.xml:32:9-38:19
164            android:name="com.hypertrack.sdk.HyperTrackMessagingService"
164-->[com.hypertrack:hypertrack:5.2.5] AndroidManifest.xml:33:13-73
165            android:exported="false" >
165-->[com.hypertrack:hypertrack:5.2.5] AndroidManifest.xml:34:13-37
166            <intent-filter android:priority="-500" >
166-->[com.hypertrack:hypertrack:5.2.5] AndroidManifest.xml:35:13-37:29
166-->[com.hypertrack:hypertrack:5.2.5] AndroidManifest.xml:35:28-51
167                <action android:name="com.google.firebase.MESSAGING_EVENT" />
167-->[com.hypertrack:hypertrack:5.2.5] AndroidManifest.xml:36:17-78
167-->[com.hypertrack:hypertrack:5.2.5] AndroidManifest.xml:36:25-75
168            </intent-filter>
169        </service>
170
171        <receiver
171-->[com.hypertrack:hypertrack:5.2.5] AndroidManifest.xml:40:9-47:20
172            android:name="com.hypertrack.sdk.service.HyperTrackSDKFirebaseMessageReceiver"
172-->[com.hypertrack:hypertrack:5.2.5] AndroidManifest.xml:41:13-91
173            android:exported="true"
173-->[com.hypertrack:hypertrack:5.2.5] AndroidManifest.xml:42:13-36
174            android:permission="com.google.android.c2dm.permission.SEND" >
174-->[com.hypertrack:hypertrack:5.2.5] AndroidManifest.xml:43:13-73
175            <intent-filter>
175-->[com.hypertrack:hypertrack:5.2.5] AndroidManifest.xml:44:13-46:29
176                <action android:name="com.google.android.c2dm.intent.RECEIVE" />
176-->[com.hypertrack:hypertrack:5.2.5] AndroidManifest.xml:45:17-81
176-->[com.hypertrack:hypertrack:5.2.5] AndroidManifest.xml:45:25-78
177            </intent-filter>
178        </receiver>
179        <receiver
179-->[com.hypertrack:hypertrack:5.2.5] AndroidManifest.xml:48:9-50:91
180            android:name="com.hypertrack.sdk.service.activity.TransitionBroadcastReceiver"
180-->[com.hypertrack:hypertrack:5.2.5] AndroidManifest.xml:49:13-91
181            android:permission="com.google.android.gms.permission.ACTIVITY_RECOGNITION" />
181-->[com.hypertrack:hypertrack:5.2.5] AndroidManifest.xml:50:13-88
182        <receiver
182-->[com.hypertrack:hypertrack:5.2.5] AndroidManifest.xml:51:9-53:91
183            android:name="com.hypertrack.sdk.service.activity.ActivityRecognitionBroadcastReceiver"
183-->[com.hypertrack:hypertrack:5.2.5] AndroidManifest.xml:52:13-100
184            android:permission="com.google.android.gms.permission.ACTIVITY_RECOGNITION" />
184-->[com.hypertrack:hypertrack:5.2.5] AndroidManifest.xml:53:13-88
185        <receiver
185-->[com.hypertrack:hypertrack:5.2.5] AndroidManifest.xml:54:9-57:40
186            android:name="com.hypertrack.sdk.service.health.receivers.BatteryEventReceiver"
186-->[com.hypertrack:hypertrack:5.2.5] AndroidManifest.xml:55:13-92
187            android:enabled="true"
187-->[com.hypertrack:hypertrack:5.2.5] AndroidManifest.xml:56:13-35
188            android:exported="false" />
188-->[com.hypertrack:hypertrack:5.2.5] AndroidManifest.xml:57:13-37
189        <receiver
189-->[com.hypertrack:hypertrack:5.2.5] AndroidManifest.xml:58:9-67:20
190            android:name="com.hypertrack.sdk.service.health.receivers.BootEventReceiver"
190-->[com.hypertrack:hypertrack:5.2.5] AndroidManifest.xml:59:13-89
191            android:enabled="true"
191-->[com.hypertrack:hypertrack:5.2.5] AndroidManifest.xml:60:13-35
192            android:exported="false" >
192-->[com.hypertrack:hypertrack:5.2.5] AndroidManifest.xml:61:13-37
193            <intent-filter>
193-->[com.hypertrack:hypertrack:5.2.5] AndroidManifest.xml:62:13-66:29
194                <action android:name="android.intent.action.BOOT_COMPLETED" />
194-->[com.hypertrack:hypertrack:5.2.5] AndroidManifest.xml:63:17-79
194-->[com.hypertrack:hypertrack:5.2.5] AndroidManifest.xml:63:25-76
195                <!-- <action android:name="android.intent.action.ACTION_SHUTDOWN" /> -->
196                <!-- Starting from Android P shutdown receivers should be registered dynamically -->
197            </intent-filter>
198        </receiver>
199        <receiver
199-->[com.hypertrack:hypertrack:5.2.5] AndroidManifest.xml:68:9-71:40
200            android:name="com.hypertrack.sdk.service.health.receivers.HTOtherHealthEventsReceiver"
200-->[com.hypertrack:hypertrack:5.2.5] AndroidManifest.xml:69:13-99
201            android:enabled="true"
201-->[com.hypertrack:hypertrack:5.2.5] AndroidManifest.xml:70:13-35
202            android:exported="false" />
202-->[com.hypertrack:hypertrack:5.2.5] AndroidManifest.xml:71:13-37
203        <receiver
203-->[com.hypertrack:hypertrack:5.2.5] AndroidManifest.xml:72:9-76:20
204            android:name="com.hypertrack.sdk.service.health.receivers.LocationProviderStateBroadcastReceiver"
204-->[com.hypertrack:hypertrack:5.2.5] AndroidManifest.xml:73:13-110
205            android:enabled="true"
205-->[com.hypertrack:hypertrack:5.2.5] AndroidManifest.xml:74:13-35
206            android:exported="false" >
206-->[com.hypertrack:hypertrack:5.2.5] AndroidManifest.xml:75:13-37
207        </receiver>
208        <receiver
208-->[com.hypertrack:hypertrack:5.2.5] AndroidManifest.xml:77:9-85:20
209            android:name="com.hypertrack.sdk.service.sync.SyncBroadcastReceiver"
209-->[com.hypertrack:hypertrack:5.2.5] AndroidManifest.xml:78:13-81
210            android:enabled="true"
210-->[com.hypertrack:hypertrack:5.2.5] AndroidManifest.xml:79:13-35
211            android:exported="false" >
211-->[com.hypertrack:hypertrack:5.2.5] AndroidManifest.xml:80:13-37
212            <intent-filter>
212-->[com.hypertrack:hypertrack:5.2.5] AndroidManifest.xml:81:13-84:29
213                <action android:name="com.hypertrack.sdk.service.sync.APP_START" />
213-->[com.hypertrack:hypertrack:5.2.5] AndroidManifest.xml:82:17-84
213-->[com.hypertrack:hypertrack:5.2.5] AndroidManifest.xml:82:25-81
214                <action android:name="com.hypertrack.sdk.service.sync.APP_STOP" />
214-->[com.hypertrack:hypertrack:5.2.5] AndroidManifest.xml:83:17-83
214-->[com.hypertrack:hypertrack:5.2.5] AndroidManifest.xml:83:25-80
215            </intent-filter>
216        </receiver>
217
218        <provider
218-->[com.hypertrack:hypertrack:5.2.5] AndroidManifest.xml:87:9-90:40
219            android:name="com.hypertrack.sdk.utils.HyperTrackInitProvider"
219-->[com.hypertrack:hypertrack:5.2.5] AndroidManifest.xml:88:13-75
220            android:authorities="com.example.connect_with_games.HyperTrackInitProvider"
220-->[com.hypertrack:hypertrack:5.2.5] AndroidManifest.xml:89:13-74
221            android:exported="false" />
221-->[com.hypertrack:hypertrack:5.2.5] AndroidManifest.xml:90:13-37
222
223        <receiver
223-->[com.google.firebase:firebase-messaging:23.0.0] AndroidManifest.xml:28:9-35:20
224            android:name="com.google.firebase.iid.FirebaseInstanceIdReceiver"
224-->[com.google.firebase:firebase-messaging:23.0.0] AndroidManifest.xml:29:13-78
225            android:exported="true"
225-->[com.google.firebase:firebase-messaging:23.0.0] AndroidManifest.xml:30:13-36
226            android:permission="com.google.android.c2dm.permission.SEND" >
226-->[com.google.firebase:firebase-messaging:23.0.0] AndroidManifest.xml:31:13-73
227            <intent-filter>
227-->[com.hypertrack:hypertrack:5.2.5] AndroidManifest.xml:44:13-46:29
228                <action android:name="com.google.android.c2dm.intent.RECEIVE" />
228-->[com.hypertrack:hypertrack:5.2.5] AndroidManifest.xml:45:17-81
228-->[com.hypertrack:hypertrack:5.2.5] AndroidManifest.xml:45:25-78
229            </intent-filter>
230        </receiver>
231        <!--
232             FirebaseMessagingService performs security checks at runtime,
233             but set to not exported to explicitly avoid allowing another app to call it.
234        -->
235        <service
235-->[com.google.firebase:firebase-messaging:23.0.0] AndroidManifest.xml:41:9-48:19
236            android:name="com.google.firebase.messaging.FirebaseMessagingService"
236-->[com.google.firebase:firebase-messaging:23.0.0] AndroidManifest.xml:42:13-82
237            android:directBootAware="true"
237-->[com.google.firebase:firebase-messaging:23.0.0] AndroidManifest.xml:43:13-43
238            android:exported="false" >
238-->[com.google.firebase:firebase-messaging:23.0.0] AndroidManifest.xml:44:13-37
239            <intent-filter android:priority="-500" >
239-->[com.hypertrack:hypertrack:5.2.5] AndroidManifest.xml:35:13-37:29
239-->[com.hypertrack:hypertrack:5.2.5] AndroidManifest.xml:35:28-51
240                <action android:name="com.google.firebase.MESSAGING_EVENT" />
240-->[com.hypertrack:hypertrack:5.2.5] AndroidManifest.xml:36:17-78
240-->[com.hypertrack:hypertrack:5.2.5] AndroidManifest.xml:36:25-75
241            </intent-filter>
242        </service>
243        <service
243-->[com.google.android.datatransport:transport-backend-cct:3.0.0] AndroidManifest.xml:29:9-35:19
244            android:name="com.google.android.datatransport.runtime.backends.TransportBackendDiscovery"
244-->[com.google.android.datatransport:transport-backend-cct:3.0.0] AndroidManifest.xml:30:13-103
245            android:exported="false" >
245-->[com.google.android.datatransport:transport-backend-cct:3.0.0] AndroidManifest.xml:31:13-37
246            <meta-data
246-->[com.google.android.datatransport:transport-backend-cct:3.0.0] AndroidManifest.xml:32:13-34:39
247                android:name="backend:com.google.android.datatransport.cct.CctBackendFactory"
247-->[com.google.android.datatransport:transport-backend-cct:3.0.0] AndroidManifest.xml:33:17-94
248                android:value="cct" />
248-->[com.google.android.datatransport:transport-backend-cct:3.0.0] AndroidManifest.xml:34:17-36
249        </service>
250
251        <activity
251-->[com.google.firebase:firebase-auth:21.0.1] AndroidManifest.xml:27:9-44:20
252            android:name="com.google.firebase.auth.internal.GenericIdpActivity"
252-->[com.google.firebase:firebase-auth:21.0.1] AndroidManifest.xml:28:13-80
253            android:excludeFromRecents="true"
253-->[com.google.firebase:firebase-auth:21.0.1] AndroidManifest.xml:29:13-46
254            android:exported="true"
254-->[com.google.firebase:firebase-auth:21.0.1] AndroidManifest.xml:30:13-36
255            android:launchMode="singleTask"
255-->[com.google.firebase:firebase-auth:21.0.1] AndroidManifest.xml:31:13-44
256            android:theme="@android:style/Theme.Translucent.NoTitleBar" >
256-->[com.google.firebase:firebase-auth:21.0.1] AndroidManifest.xml:32:13-72
257            <intent-filter>
257-->[com.google.firebase:firebase-auth:21.0.1] AndroidManifest.xml:33:13-43:29
258                <action android:name="android.intent.action.VIEW" />
258-->[com.google.firebase:firebase-auth:21.0.1] AndroidManifest.xml:34:17-69
258-->[com.google.firebase:firebase-auth:21.0.1] AndroidManifest.xml:34:25-66
259
260                <category android:name="android.intent.category.DEFAULT" />
260-->[com.google.firebase:firebase-auth:21.0.1] AndroidManifest.xml:36:17-76
260-->[com.google.firebase:firebase-auth:21.0.1] AndroidManifest.xml:36:27-73
261                <category android:name="android.intent.category.BROWSABLE" />
261-->[com.google.firebase:firebase-auth:21.0.1] AndroidManifest.xml:37:17-78
261-->[com.google.firebase:firebase-auth:21.0.1] AndroidManifest.xml:37:27-75
262
263                <data
263-->[com.google.firebase:firebase-auth:21.0.1] AndroidManifest.xml:39:17-42:51
264                    android:host="firebase.auth"
264-->[com.google.firebase:firebase-auth:21.0.1] AndroidManifest.xml:40:21-49
265                    android:path="/"
265-->[com.google.firebase:firebase-auth:21.0.1] AndroidManifest.xml:41:21-37
266                    android:scheme="genericidp" />
266-->[com.google.firebase:firebase-auth:21.0.1] AndroidManifest.xml:42:21-48
267            </intent-filter>
268        </activity>
269        <activity
269-->[com.google.firebase:firebase-auth:21.0.1] AndroidManifest.xml:45:9-62:20
270            android:name="com.google.firebase.auth.internal.RecaptchaActivity"
270-->[com.google.firebase:firebase-auth:21.0.1] AndroidManifest.xml:46:13-79
271            android:excludeFromRecents="true"
271-->[com.google.firebase:firebase-auth:21.0.1] AndroidManifest.xml:47:13-46
272            android:exported="true"
272-->[com.google.firebase:firebase-auth:21.0.1] AndroidManifest.xml:48:13-36
273            android:launchMode="singleTask"
273-->[com.google.firebase:firebase-auth:21.0.1] AndroidManifest.xml:49:13-44
274            android:theme="@android:style/Theme.Translucent.NoTitleBar" >
274-->[com.google.firebase:firebase-auth:21.0.1] AndroidManifest.xml:50:13-72
275            <intent-filter>
275-->[com.google.firebase:firebase-auth:21.0.1] AndroidManifest.xml:51:13-61:29
276                <action android:name="android.intent.action.VIEW" />
276-->[com.google.firebase:firebase-auth:21.0.1] AndroidManifest.xml:34:17-69
276-->[com.google.firebase:firebase-auth:21.0.1] AndroidManifest.xml:34:25-66
277
278                <category android:name="android.intent.category.DEFAULT" />
278-->[com.google.firebase:firebase-auth:21.0.1] AndroidManifest.xml:36:17-76
278-->[com.google.firebase:firebase-auth:21.0.1] AndroidManifest.xml:36:27-73
279                <category android:name="android.intent.category.BROWSABLE" />